 command line:
   ./wave_isim_beh.exe
     -intstyle  ise
     -ipchost  localhost
     -ipcport  62033

Tue Oct 24 15:34:29 2017

Total Line Count = 733

 Elaboration time 0 sec.

 Estimate current memory usage 73.7649 Meg. 

 Total signals 8
 Total nets 4
 Total signal drivers 4
 Total blocks 7
 Total primitive blocks 1
 Total processes 2
ntrace select -o on -m / -l this 
ntrace start 
run all 
Simulator is doing circuit initialization process.
Finished circuit initialization process.
